# JRE version: Java(TM) SE Runtime Environment (8.0_231-b11) (build 1.8.0_231-b11)
# Java VM: Java HotSpot(TM) 64-Bit Server VM (25.231-b11 mixed mode windows-amd64 compressed oops)
Heap:
 PSYoungGen      total 308224K, used 143410K [0x0000000770380000, 0x0000000784d00000, 0x00000007c0000000)
  eden space 296448K, 48% used [0x0000000770380000,0x0000000778f8cbf8,0x0000000782500000)
  from space 11776K, 0% used [0x0000000782500000,0x0000000782500000,0x0000000783080000)
  to   space 12288K, 0% used [0x0000000783080000,0x0000000783080000,0x0000000783c80000)
 ParOldGen       total 131584K, used 34738K [0x00000006d0a00000, 0x00000006d8a80000, 0x0000000770380000)
  object space 131584K, 26% used [0x00000006d0a00000,0x00000006d2bec9e0,0x00000006d8a80000)
 Metaspace       used 60415K, capacity 63170K, committed 63320K, reserved 1103872K
  class space    used 8259K, capacity 8985K, committed 9088K, reserved 1048576K
GC Heap History (10 events):
Event: 9.227 GC heap before
{Heap before GC invocations=8 (full 1):
 PSYoungGen      total 200192K, used 114932K [0x0000000770380000, 0x000000077d680000, 0x00000007c0000000)
  eden space 190976K, 55% used [0x0000000770380000,0x0000000776abec50,0x000000077be00000)
  from space 9216K, 99% used [0x000000077cd80000,0x000000077d67e440,0x000000077d680000)
  to   space 10240K, 0% used [0x000000077c280000,0x000000077c280000,0x000000077cc80000)
 ParOldGen       total 89088K, used 6805K [0x00000006d0a00000, 0x00000006d6100000, 0x0000000770380000)
  object space 89088K, 7% used [0x00000006d0a00000,0x00000006d10a5620,0x00000006d6100000)
 Metaspace       used 34056K, capacity 35380K, committed 35456K, reserved 1079296K
  class space    used 4434K, capacity 4704K, committed 4736K, reserved 1048576K
Event: 9.235 GC heap after
Heap after GC invocations=8 (full 1):
 PSYoungGen      total 205824K, used 10228K [0x0000000770380000, 0x0000000783c80000, 0x00000007c0000000)
  eden space 195584K, 0% used [0x0000000770380000,0x0000000770380000,0x000000077c280000)
  from space 10240K, 99% used [0x000000077c280000,0x000000077cc7d1d0,0x000000077cc80000)
  to   space 12288K, 0% used [0x0000000783080000,0x0000000783080000,0x0000000783c80000)
 ParOldGen       total 89088K, used 8514K [0x00000006d0a00000, 0x00000006d6100000, 0x0000000770380000)
  object space 89088K, 9% used [0x00000006d0a00000,0x00000006d12508e0,0x00000006d6100000)
 Metaspace       used 34056K, capacity 35380K, committed 35456K, reserved 1079296K
  class space    used 4434K, capacity 4704K, committed 4736K, reserved 1048576K
}
Event: 9.235 GC heap before
{Heap before GC invocations=9 (full 2):
 PSYoungGen      total 205824K, used 10228K [0x0000000770380000, 0x0000000783c80000, 0x00000007c0000000)
  eden space 195584K, 0% used [0x0000000770380000,0x0000000770380000,0x000000077c280000)
  from space 10240K, 99% used [0x000000077c280000,0x000000077cc7d1d0,0x000000077cc80000)
  to   space 12288K, 0% used [0x0000000783080000,0x0000000783080000,0x0000000783c80000)
 ParOldGen       total 89088K, used 8514K [0x00000006d0a00000, 0x00000006d6100000, 0x0000000770380000)
  object space 89088K, 9% used [0x00000006d0a00000,0x00000006d12508e0,0x00000006d6100000)
 Metaspace       used 34056K, capacity 35380K, committed 35456K, reserved 1079296K
  class space    used 4434K, capacity 4704K, committed 4736K, reserved 1048576K
Event: 9.271 GC heap after
Heap after GC invocations=9 (full 2):
 PSYoungGen      total 205824K, used 0K [0x0000000770380000, 0x0000000783c80000, 0x00000007c0000000)
  eden space 195584K, 0% used [0x0000000770380000,0x0000000770380000,0x000000077c280000)
  from space 10240K, 0% used [0x000000077c280000,0x000000077c280000,0x000000077cc80000)
  to   space 12288K, 0% used [0x0000000783080000,0x0000000783080000,0x0000000783c80000)
 ParOldGen       total 131584K, used 16809K [0x00000006d0a00000, 0x00000006d8a80000, 0x0000000770380000)
  object space 131584K, 12% used [0x00000006d0a00000,0x00000006d1a6a698,0x00000006d8a80000)
 Metaspace       used 34056K, capacity 35380K, committed 35456K, reserved 1079296K
  class space    used 4434K, capacity 4704K, committed 4736K, reserved 1048576K
}
Event: 10.262 GC heap before
{Heap before GC invocations=10 (full 2):
 PSYoungGen      total 205824K, used 195584K [0x0000000770380000, 0x0000000783c80000, 0x00000007c0000000)
  eden space 195584K, 100% used [0x0000000770380000,0x000000077c280000,0x000000077c280000)
  from space 10240K, 0% used [0x000000077c280000,0x000000077c280000,0x000000077cc80000)
  to   space 12288K, 0% used [0x0000000783080000,0x0000000783080000,0x0000000783c80000)
 ParOldGen       total 131584K, used 16809K [0x00000006d0a00000, 0x00000006d8a80000, 0x0000000770380000)
  object space 131584K, 12% used [0x00000006d0a00000,0x00000006d1a6a698,0x00000006d8a80000)
 Metaspace       used 38500K, capacity 39920K, committed 40192K, reserved 1083392K
  class space    used 5032K, capacity 5312K, committed 5376K, reserved 1048576K
Event: 10.270 GC heap after
Heap after GC invocations=10 (full 2):
 PSYoungGen      total 308736K, used 7674K [0x0000000770380000, 0x0000000784d00000, 0x00000007c0000000)
  eden space 296448K, 0% used [0x0000000770380000,0x0000000770380000,0x0000000782500000)
  from space 12288K, 62% used [0x0000000783080000,0x00000007837feab0,0x0000000783c80000)
  to   space 11776K, 0% used [0x0000000782500000,0x0000000782500000,0x0000000783080000)
 ParOldGen       total 131584K, used 16817K [0x00000006d0a00000, 0x00000006d8a80000, 0x0000000770380000)
  object space 131584K, 12% used [0x00000006d0a00000,0x00000006d1a6c698,0x00000006d8a80000)
 Metaspace       used 38500K, capacity 39920K, committed 40192K, reserved 1083392K
  class space    used 5032K, capacity 5312K, committed 5376K, reserved 1048576K
}
Event: 13.589 GC heap before
{Heap before GC invocations=11 (full 2):
 PSYoungGen      total 308736K, used 281795K [0x0000000770380000, 0x0000000784d00000, 0x00000007c0000000)
  eden space 296448K, 92% used [0x0000000770380000,0x0000000780f32448,0x0000000782500000)
  from space 12288K, 62% used [0x0000000783080000,0x00000007837feab0,0x0000000783c80000)
  to   space 11776K, 0% used [0x0000000782500000,0x0000000782500000,0x0000000783080000)
 ParOldGen       total 131584K, used 16817K [0x00000006d0a00000, 0x00000006d8a80000, 0x0000000770380000)
  object space 131584K, 12% used [0x00000006d0a00000,0x00000006d1a6c698,0x00000006d8a80000)
 Metaspace       used 56664K, capacity 58958K, committed 59096K, reserved 1099776K
  class space    used 7510K, capacity 8111K, committed 8192K, reserved 1048576K
Event: 13.606 GC heap after
Heap after GC invocations=11 (full 2):
 PSYoungGen      total 308224K, used 11771K [0x0000000770380000, 0x0000000784d00000, 0x00000007c0000000)
  eden space 296448K, 0% used [0x0000000770380000,0x0000000770380000,0x0000000782500000)
  from space 11776K, 99% used [0x0000000782500000,0x000000078307eef0,0x0000000783080000)
  to   space 12288K, 0% used [0x0000000783080000,0x0000000783080000,0x0000000783c80000)
 ParOldGen       total 131584K, used 29436K [0x00000006d0a00000, 0x00000006d8a80000, 0x0000000770380000)
  object space 131584K, 22% used [0x00000006d0a00000,0x00000006d26bf300,0x00000006d8a80000)
 Metaspace       used 56664K, capacity 58958K, committed 59096K, reserved 1099776K
  class space    used 7510K, capacity 8111K, committed 8192K, reserved 1048576K
}
Event: 13.606 GC heap before
{Heap before GC invocations=12 (full 3):
 PSYoungGen      total 308224K, used 11771K [0x0000000770380000, 0x0000000784d00000, 0x00000007c0000000)
  eden space 296448K, 0% used [0x0000000770380000,0x0000000770380000,0x0000000782500000)
  from space 11776K, 99% used [0x0000000782500000,0x000000078307eef0,0x0000000783080000)
  to   space 12288K, 0% used [0x0000000783080000,0x0000000783080000,0x0000000783c80000)
 ParOldGen       total 131584K, used 29436K [0x00000006d0a00000, 0x00000006d8a80000, 0x0000000770380000)
  object space 131584K, 22% used [0x00000006d0a00000,0x00000006d26bf300,0x00000006d8a80000)
 Metaspace       used 56664K, capacity 58958K, committed 59096K, reserved 1099776K
  class space    used 7510K, capacity 8111K, committed 8192K, reserved 1048576K
Event: 13.698 GC heap after
Heap after GC invocations=12 (full 3):
 PSYoungGen      total 308224K, used 0K [0x0000000770380000, 0x0000000784d00000, 0x00000007c0000000)
  eden space 296448K, 0% used [0x0000000770380000,0x0000000770380000,0x0000000782500000)
  from space 11776K, 0% used [0x0000000782500000,0x0000000782500000,0x0000000783080000)
  to   space 12288K, 0% used [0x0000000783080000,0x0000000783080000,0x0000000783c80000)
 ParOldGen       total 131584K, used 34738K [0x00000006d0a00000, 0x00000006d8a80000, 0x0000000770380000)
  object space 131584K, 26% used [0x00000006d0a00000,0x00000006d2bec9e0,0x00000006d8a80000)
 Metaspace       used 56664K, capacity 58958K, committed 59096K, reserved 1099776K
  class space    used 7510K, capacity 8111K, committed 8192K, reserved 1048576K
}

