# JRE version: Java(TM) SE Runtime Environment (8.0_231-b11) (build 1.8.0_231-b11)
# Java VM: Java HotSpot(TM) 64-Bit Server VM (25.231-b11 mixed mode windows-amd64 compressed oops)
Heap:
 PSYoungGen      total 223744K, used 185598K [0x0000000770380000, 0x0000000787700000, 0x00000007c0000000)
  eden space 213504K, 86% used [0x0000000770380000,0x000000077b8bf930,0x000000077d400000)
  from space 10240K, 0% used [0x000000077d400000,0x000000077d400000,0x000000077de00000)
  to   space 12288K, 0% used [0x0000000786b00000,0x0000000786b00000,0x0000000787700000)
 ParOldGen       total 113152K, used 16772K [0x00000006d0a00000, 0x00000006d7880000, 0x0000000770380000)
  object space 113152K, 14% used [0x00000006d0a00000,0x00000006d1a611c0,0x00000006d7880000)
 Metaspace       used 38347K, capacity 39796K, committed 39936K, reserved 1083392K
  class space    used 5018K, capacity 5312K, committed 5376K, reserved 1048576K
GC Heap History (10 events):
Event: 2.157 GC heap before
{Heap before GC invocations=5 (full 1):
 PSYoungGen      total 133120K, used 6670K [0x0000000770380000, 0x0000000778f80000, 0x00000007c0000000)
  eden space 122880K, 0% used [0x0000000770380000,0x0000000770380000,0x0000000777b80000)
  from space 10240K, 65% used [0x0000000778580000,0x0000000778c03948,0x0000000778f80000)
  to   space 10240K, 0% used [0x0000000777b80000,0x0000000777b80000,0x0000000778580000)
 ParOldGen       total 163840K, used 40K [0x00000006d0a00000, 0x00000006daa00000, 0x0000000770380000)
  object space 163840K, 0% used [0x00000006d0a00000,0x00000006d0a0a000,0x00000006daa00000)
 Metaspace       used 20694K, capacity 21228K, committed 21296K, reserved 1069056K
  class space    used 2593K, capacity 2766K, committed 2816K, reserved 1048576K
Event: 2.180 GC heap after
Heap after GC invocations=5 (full 1):
 PSYoungGen      total 133120K, used 0K [0x0000000770380000, 0x0000000778f80000, 0x00000007c0000000)
  eden space 122880K, 0% used [0x0000000770380000,0x0000000770380000,0x0000000777b80000)
  from space 10240K, 0% used [0x0000000778580000,0x0000000778580000,0x0000000778f80000)
  to   space 10240K, 0% used [0x0000000777b80000,0x0000000777b80000,0x0000000778580000)
 ParOldGen       total 80896K, used 6549K [0x00000006d0a00000, 0x00000006d5900000, 0x0000000770380000)
  object space 80896K, 8% used [0x00000006d0a00000,0x00000006d1065498,0x00000006d5900000)
 Metaspace       used 20694K, capacity 21228K, committed 21296K, reserved 1069056K
  class space    used 2593K, capacity 2766K, committed 2816K, reserved 1048576K
}
Event: 5.333 GC heap before
{Heap before GC invocations=6 (full 1):
 PSYoungGen      total 133120K, used 122880K [0x0000000770380000, 0x0000000778f80000, 0x00000007c0000000)
  eden space 122880K, 100% used [0x0000000770380000,0x0000000777b80000,0x0000000777b80000)
  from space 10240K, 0% used [0x0000000778580000,0x0000000778580000,0x0000000778f80000)
  to   space 10240K, 0% used [0x0000000777b80000,0x0000000777b80000,0x0000000778580000)
 ParOldGen       total 80896K, used 6549K [0x00000006d0a00000, 0x00000006d5900000, 0x0000000770380000)
  object space 80896K, 8% used [0x00000006d0a00000,0x00000006d1065498,0x00000006d5900000)
 Metaspace       used 27789K, capacity 28794K, committed 28928K, reserved 1075200K
  class space    used 3604K, capacity 3823K, committed 3840K, reserved 1048576K
Event: 5.339 GC heap after
Heap after GC invocations=6 (full 1):
 PSYoungGen      total 133120K, used 7357K [0x0000000770380000, 0x000000077e800000, 0x00000007c0000000)
  eden space 122880K, 0% used [0x0000000770380000,0x0000000770380000,0x0000000777b80000)
  from space 10240K, 71% used [0x0000000777b80000,0x00000007782af5b0,0x0000000778580000)
  to   space 9216K, 0% used [0x000000077df00000,0x000000077df00000,0x000000077e800000)
 ParOldGen       total 80896K, used 6557K [0x00000006d0a00000, 0x00000006d5900000, 0x0000000770380000)
  object space 80896K, 8% used [0x00000006d0a00000,0x00000006d1067498,0x00000006d5900000)
 Metaspace       used 27789K, capacity 28794K, committed 28928K, reserved 1075200K
  class space    used 3604K, capacity 3823K, committed 3840K, reserved 1048576K
}
Event: 8.992 GC heap before
{Heap before GC invocations=7 (full 1):
 PSYoungGen      total 133120K, used 130237K [0x0000000770380000, 0x000000077e800000, 0x00000007c0000000)
  eden space 122880K, 100% used [0x0000000770380000,0x0000000777b80000,0x0000000777b80000)
  from space 10240K, 71% used [0x0000000777b80000,0x00000007782af5b0,0x0000000778580000)
  to   space 9216K, 0% used [0x000000077df00000,0x000000077df00000,0x000000077e800000)
 ParOldGen       total 80896K, used 6557K [0x00000006d0a00000, 0x00000006d5900000, 0x0000000770380000)
  object space 80896K, 8% used [0x00000006d0a00000,0x00000006d1067498,0x00000006d5900000)
 Metaspace       used 31065K, capacity 32228K, committed 32384K, reserved 1077248K
  class space    used 3986K, capacity 4224K, committed 4224K, reserved 1048576K
Event: 9.001 GC heap after
Heap after GC invocations=7 (full 1):
 PSYoungGen      total 218112K, used 9201K [0x0000000770380000, 0x000000077e800000, 0x00000007c0000000)
  eden space 208896K, 0% used [0x0000000770380000,0x0000000770380000,0x000000077cf80000)
  from space 9216K, 99% used [0x000000077df00000,0x000000077e7fc448,0x000000077e800000)
  to   space 10240K, 0% used [0x000000077d400000,0x000000077d400000,0x000000077de00000)
 ParOldGen       total 80896K, used 6924K [0x00000006d0a00000, 0x00000006d5900000, 0x0000000770380000)
  object space 80896K, 8% used [0x00000006d0a00000,0x00000006d10c3018,0x00000006d5900000)
 Metaspace       used 31065K, capacity 32228K, committed 32384K, reserved 1077248K
  class space    used 3986K, capacity 4224K, committed 4224K, reserved 1048576K
}
Event: 9.739 GC heap before
{Heap before GC invocations=8 (full 1):
 PSYoungGen      total 218112K, used 114942K [0x0000000770380000, 0x000000077e800000, 0x00000007c0000000)
  eden space 208896K, 50% used [0x0000000770380000,0x0000000776ac36b8,0x000000077cf80000)
  from space 9216K, 99% used [0x000000077df00000,0x000000077e7fc448,0x000000077e800000)
  to   space 10240K, 0% used [0x000000077d400000,0x000000077d400000,0x000000077de00000)
 ParOldGen       total 80896K, used 6924K [0x00000006d0a00000, 0x00000006d5900000, 0x0000000770380000)
  object space 80896K, 8% used [0x00000006d0a00000,0x00000006d10c3018,0x00000006d5900000)
 Metaspace       used 34059K, capacity 35384K, committed 35456K, reserved 1079296K
  class space    used 4434K, capacity 4704K, committed 4736K, reserved 1048576K
Event: 9.760 GC heap after
Heap after GC invocations=8 (full 1):
 PSYoungGen      total 223744K, used 10218K [0x0000000770380000, 0x0000000787700000, 0x00000007c0000000)
  eden space 213504K, 0% used [0x0000000770380000,0x0000000770380000,0x000000077d400000)
  from space 10240K, 99% used [0x000000077d400000,0x000000077ddfa8d8,0x000000077de00000)
  to   space 12288K, 0% used [0x0000000786b00000,0x0000000786b00000,0x0000000787700000)
 ParOldGen       total 80896K, used 8551K [0x00000006d0a00000, 0x00000006d5900000, 0x0000000770380000)
  object space 80896K, 10% used [0x00000006d0a00000,0x00000006d1259f90,0x00000006d5900000)
 Metaspace       used 34059K, capacity 35384K, committed 35456K, reserved 1079296K
  class space    used 4434K, capacity 4704K, committed 4736K, reserved 1048576K
}
Event: 9.760 GC heap before
{Heap before GC invocations=9 (full 2):
 PSYoungGen      total 223744K, used 10218K [0x0000000770380000, 0x0000000787700000, 0x00000007c0000000)
  eden space 213504K, 0% used [0x0000000770380000,0x0000000770380000,0x000000077d400000)
  from space 10240K, 99% used [0x000000077d400000,0x000000077ddfa8d8,0x000000077de00000)
  to   space 12288K, 0% used [0x0000000786b00000,0x0000000786b00000,0x0000000787700000)
 ParOldGen       total 80896K, used 8551K [0x00000006d0a00000, 0x00000006d5900000, 0x0000000770380000)
  object space 80896K, 10% used [0x00000006d0a00000,0x00000006d1259f90,0x00000006d5900000)
 Metaspace       used 34059K, capacity 35384K, committed 35456K, reserved 1079296K
  class space    used 4434K, capacity 4704K, committed 4736K, reserved 1048576K
Event: 9.824 GC heap after
Heap after GC invocations=9 (full 2):
 PSYoungGen      total 223744K, used 0K [0x0000000770380000, 0x0000000787700000, 0x00000007c0000000)
  eden space 213504K, 0% used [0x0000000770380000,0x0000000770380000,0x000000077d400000)
  from space 10240K, 0% used [0x000000077d400000,0x000000077d400000,0x000000077de00000)
  to   space 12288K, 0% used [0x0000000786b00000,0x0000000786b00000,0x0000000787700000)
 ParOldGen       total 113152K, used 16772K [0x00000006d0a00000, 0x00000006d7880000, 0x0000000770380000)
  object space 113152K, 14% used [0x00000006d0a00000,0x00000006d1a611c0,0x00000006d7880000)
 Metaspace       used 34059K, capacity 35384K, committed 35456K, reserved 1079296K
  class space    used 4434K, capacity 4704K, committed 4736K, reserved 1048576K
}

