# JRE version: Java(TM) SE Runtime Environment (8.0_231-b11) (build 1.8.0_231-b11)
# Java VM: Java HotSpot(TM) 64-Bit Server VM (25.231-b11 mixed mode windows-amd64 compressed oops)
Heap:
 PSYoungGen      total 334336K, used 56561K [0x0000000770380000, 0x0000000792d00000, 0x00000007c0000000)
  eden space 320512K, 13% used [0x0000000770380000,0x0000000772f068c8,0x0000000783c80000)
  from space 13824K, 86% used [0x0000000783c80000,0x0000000784835b50,0x0000000784a00000)
  to   space 14848K, 0% used [0x0000000791e80000,0x0000000791e80000,0x0000000792d00000)
 ParOldGen       total 121344K, used 14880K [0x00000006d0a00000, 0x00000006d8080000, 0x0000000770380000)
  object space 121344K, 12% used [0x00000006d0a00000,0x00000006d18880d0,0x00000006d8080000)
 Metaspace       used 47194K, capacity 49152K, committed 49368K, reserved 1091584K
  class space    used 6139K, capacity 6602K, committed 6656K, reserved 1048576K
GC Heap History (10 events):
Event: 5.450 GC heap before
{Heap before GC invocations=5 (full 1):
 PSYoungGen      total 133120K, used 122880K [0x0000000770380000, 0x0000000780780000, 0x00000007c0000000)
  eden space 122880K, 100% used [0x0000000770380000,0x0000000777b80000,0x0000000777b80000)
  from space 10240K, 0% used [0x0000000777b80000,0x0000000777b80000,0x0000000778580000)
  to   space 10240K, 0% used [0x000000077fd80000,0x000000077fd80000,0x0000000780780000)
 ParOldGen       total 91136K, used 10008K [0x00000006d0a00000, 0x00000006d6300000, 0x0000000770380000)
  object space 91136K, 10% used [0x00000006d0a00000,0x00000006d13c6130,0x00000006d6300000)
 Metaspace       used 27626K, capacity 28604K, committed 28928K, reserved 1075200K
  class space    used 3580K, capacity 3786K, committed 3840K, reserved 1048576K
Event: 5.456 GC heap after
Heap after GC invocations=5 (full 1):
 PSYoungGen      total 209408K, used 7486K [0x0000000770380000, 0x0000000780500000, 0x00000007c0000000)
  eden space 201728K, 0% used [0x0000000770380000,0x0000000770380000,0x000000077c880000)
  from space 7680K, 97% used [0x000000077fd80000,0x00000007804cf8a8,0x0000000780500000)
  to   space 10240K, 0% used [0x000000077f100000,0x000000077f100000,0x000000077fb00000)
 ParOldGen       total 91136K, used 10016K [0x00000006d0a00000, 0x00000006d6300000, 0x0000000770380000)
  object space 91136K, 10% used [0x00000006d0a00000,0x00000006d13c8130,0x00000006d6300000)
 Metaspace       used 27626K, capacity 28604K, committed 28928K, reserved 1075200K
  class space    used 3580K, capacity 3786K, committed 3840K, reserved 1048576K
}
Event: 10.633 GC heap before
{Heap before GC invocations=6 (full 1):
 PSYoungGen      total 209408K, used 209214K [0x0000000770380000, 0x0000000780500000, 0x00000007c0000000)
  eden space 201728K, 100% used [0x0000000770380000,0x000000077c880000,0x000000077c880000)
  from space 7680K, 97% used [0x000000077fd80000,0x00000007804cf8a8,0x0000000780500000)
  to   space 10240K, 0% used [0x000000077f100000,0x000000077f100000,0x000000077fb00000)
 ParOldGen       total 91136K, used 10016K [0x00000006d0a00000, 0x00000006d6300000, 0x0000000770380000)
  object space 91136K, 10% used [0x00000006d0a00000,0x00000006d13c8130,0x00000006d6300000)
 Metaspace       used 33009K, capacity 34220K, committed 34304K, reserved 1079296K
  class space    used 4266K, capacity 4528K, committed 4608K, reserved 1048576K
Event: 10.646 GC heap after
Heap after GC invocations=6 (full 1):
 PSYoungGen      total 253440K, used 10218K [0x0000000770380000, 0x0000000785800000, 0x00000007c0000000)
  eden space 243200K, 0% used [0x0000000770380000,0x0000000770380000,0x000000077f100000)
  from space 10240K, 99% used [0x000000077f100000,0x000000077fafa948,0x000000077fb00000)
  to   space 14336K, 0% used [0x0000000784a00000,0x0000000784a00000,0x0000000785800000)
 ParOldGen       total 91136K, used 13700K [0x00000006d0a00000, 0x00000006d6300000, 0x0000000770380000)
  object space 91136K, 15% used [0x00000006d0a00000,0x00000006d17613d0,0x00000006d6300000)
 Metaspace       used 33009K, capacity 34220K, committed 34304K, reserved 1079296K
  class space    used 4266K, capacity 4528K, committed 4608K, reserved 1048576K
}
Event: 10.873 GC heap before
{Heap before GC invocations=7 (full 1):
 PSYoungGen      total 253440K, used 40828K [0x0000000770380000, 0x0000000785800000, 0x00000007c0000000)
  eden space 243200K, 12% used [0x0000000770380000,0x0000000772164a70,0x000000077f100000)
  from space 10240K, 99% used [0x000000077f100000,0x000000077fafa948,0x000000077fb00000)
  to   space 14336K, 0% used [0x0000000784a00000,0x0000000784a00000,0x0000000785800000)
 ParOldGen       total 91136K, used 13700K [0x00000006d0a00000, 0x00000006d6300000, 0x0000000770380000)
  object space 91136K, 15% used [0x00000006d0a00000,0x00000006d17613d0,0x00000006d6300000)
 Metaspace       used 34053K, capacity 35380K, committed 35416K, reserved 1079296K
  class space    used 4434K, capacity 4704K, committed 4736K, reserved 1048576K
Event: 10.880 GC heap after
Heap after GC invocations=7 (full 1):
 PSYoungGen      total 334848K, used 9587K [0x0000000770380000, 0x000000078a980000, 0x00000007c0000000)
  eden space 320512K, 0% used [0x0000000770380000,0x0000000770380000,0x0000000783c80000)
  from space 14336K, 66% used [0x0000000784a00000,0x000000078535cc70,0x0000000785800000)
  to   space 13824K, 0% used [0x0000000783c80000,0x0000000783c80000,0x0000000784a00000)
 ParOldGen       total 91136K, used 13708K [0x00000006d0a00000, 0x00000006d6300000, 0x0000000770380000)
  object space 91136K, 15% used [0x00000006d0a00000,0x00000006d17633d0,0x00000006d6300000)
 Metaspace       used 34053K, capacity 35380K, committed 35416K, reserved 1079296K
  class space    used 4434K, capacity 4704K, committed 4736K, reserved 1048576K
}
Event: 10.880 GC heap before
{Heap before GC invocations=8 (full 2):
 PSYoungGen      total 334848K, used 9587K [0x0000000770380000, 0x000000078a980000, 0x00000007c0000000)
  eden space 320512K, 0% used [0x0000000770380000,0x0000000770380000,0x0000000783c80000)
  from space 14336K, 66% used [0x0000000784a00000,0x000000078535cc70,0x0000000785800000)
  to   space 13824K, 0% used [0x0000000783c80000,0x0000000783c80000,0x0000000784a00000)
 ParOldGen       total 91136K, used 13708K [0x00000006d0a00000, 0x00000006d6300000, 0x0000000770380000)
  object space 91136K, 15% used [0x00000006d0a00000,0x00000006d17633d0,0x00000006d6300000)
 Metaspace       used 34053K, capacity 35380K, committed 35416K, reserved 1079296K
  class space    used 4434K, capacity 4704K, committed 4736K, reserved 1048576K
Event: 10.919 GC heap after
Heap after GC invocations=8 (full 2):
 PSYoungGen      total 334848K, used 0K [0x0000000770380000, 0x000000078a980000, 0x00000007c0000000)
  eden space 320512K, 0% used [0x0000000770380000,0x0000000770380000,0x0000000783c80000)
  from space 14336K, 0% used [0x0000000784a00000,0x0000000784a00000,0x0000000785800000)
  to   space 13824K, 0% used [0x0000000783c80000,0x0000000783c80000,0x0000000784a00000)
 ParOldGen       total 121344K, used 14872K [0x00000006d0a00000, 0x00000006d8080000, 0x0000000770380000)
  object space 121344K, 12% used [0x00000006d0a00000,0x00000006d18860d0,0x00000006d8080000)
 Metaspace       used 34053K, capacity 35380K, committed 35416K, reserved 1079296K
  class space    used 4434K, capacity 4704K, committed 4736K, reserved 1048576K
}
Event: 13.378 GC heap before
{Heap before GC invocations=9 (full 2):
 PSYoungGen      total 334848K, used 320512K [0x0000000770380000, 0x000000078a980000, 0x00000007c0000000)
  eden space 320512K, 100% used [0x0000000770380000,0x0000000783c80000,0x0000000783c80000)
  from space 14336K, 0% used [0x0000000784a00000,0x0000000784a00000,0x0000000785800000)
  to   space 13824K, 0% used [0x0000000783c80000,0x0000000783c80000,0x0000000784a00000)
 ParOldGen       total 121344K, used 14872K [0x00000006d0a00000, 0x00000006d8080000, 0x0000000770380000)
  object space 121344K, 12% used [0x00000006d0a00000,0x00000006d18860d0,0x00000006d8080000)
 Metaspace       used 42780K, capacity 44554K, committed 44632K, reserved 1087488K
  class space    used 5593K, capacity 5945K, committed 6016K, reserved 1048576K
Event: 13.390 GC heap after
Heap after GC invocations=9 (full 2):
 PSYoungGen      total 334336K, used 11990K [0x0000000770380000, 0x0000000792d00000, 0x00000007c0000000)
  eden space 320512K, 0% used [0x0000000770380000,0x0000000770380000,0x0000000783c80000)
  from space 13824K, 86% used [0x0000000783c80000,0x0000000784835b50,0x0000000784a00000)
  to   space 14848K, 0% used [0x0000000791e80000,0x0000000791e80000,0x0000000792d00000)
 ParOldGen       total 121344K, used 14880K [0x00000006d0a00000, 0x00000006d8080000, 0x0000000770380000)
  object space 121344K, 12% used [0x00000006d0a00000,0x00000006d18880d0,0x00000006d8080000)
 Metaspace       used 42780K, capacity 44554K, committed 44632K, reserved 1087488K
  class space    used 5593K, capacity 5945K, committed 6016K, reserved 1048576K
}

